<?xml version="1.0" encoding="UTF-8"?>
<testng-results skipped="0" failed="0" ignored="0" total="0" passed="0">
  <reporter-output>
  </reporter-output>
  <suite name="Practise Test" duration-ms="31" started-at="2019-09-26T16:12:51Z" finished-at="2019-09-26T16:12:51Z">
    <groups>
    </groups>
    <test name="Sanity Test for Hubspot" duration-ms="31" started-at="2019-09-26T16:12:51Z" finished-at="2019-09-26T16:12:51Z">
    </test> <!-- Sanity Test for Hubspot -->
  </suite> <!-- Practise Test -->
</testng-results>
